2019-03-03 21:19:01.218 [main] INFO  com.newtouch.glzdept.GlzDeptApplication - Starting GlzDeptApplication on DESKTOP-7CMJ8VP with PID 8620 (D:\github\glz\glz-dept\target\classes started by yfbb in D:\github\glz\glz-dept)
2019-03-03 21:19:01.327 [main] DEBUG com.newtouch.glzdept.GlzDeptApplication - Running with Spring Boot v2.1.3.RELEASE, Spring v5.1.5.RELEASE
2019-03-03 21:19:01.328 [main] INFO  com.newtouch.glzdept.GlzDeptApplication - The following profiles are active: dev
2019-03-03 21:19:05.653 [main] INFO  com.newtouch.glzdept.GlzDeptApplication - Started GlzDeptApplication in 5.89 seconds (JVM running for 7.731)
2019-03-03 21:19:13.576 [http-nio-8080-exec-2] DEBUG com.newtouch.glzdept.dao.UserDao.userLogin - ==>  Preparing: SELECT * FROM TUser t where 1=1 AND t.login_name = ? AND t.password = ? 
2019-03-03 21:19:13.611 [http-nio-8080-exec-2] DEBUG com.newtouch.glzdept.dao.UserDao.userLogin - ==> Parameters: admin(String), admin(String)
2019-03-03 21:19:13.642 [http-nio-8080-exec-2] TRACE com.newtouch.glzdept.dao.UserDao.userLogin - <==    Columns: tu_id, to_id, login_name, password, username, mobile, email, gen_time, login_time, last_login_time, count
2019-03-03 21:19:13.643 [http-nio-8080-exec-2] TRACE com.newtouch.glzdept.dao.UserDao.userLogin - <==        Row: 1, null, admin, admin, 张三, null, null, null, null, null, null
2019-03-03 21:19:13.646 [http-nio-8080-exec-2] DEBUG com.newtouch.glzdept.dao.UserDao.userLogin - <==      Total: 1
2019-03-03 21:25:29.870 [http-nio-8080-exec-9] DEBUG com.newtouch.glzdept.dao.UserDao.userLogin - ==>  Preparing: SELECT * FROM TUser t where 1=1 
2019-03-03 21:25:29.872 [http-nio-8080-exec-9] DEBUG com.newtouch.glzdept.dao.UserDao.userLogin - ==> Parameters: 
2019-03-03 21:25:29.875 [http-nio-8080-exec-9] TRACE com.newtouch.glzdept.dao.UserDao.userLogin - <==    Columns: tu_id, to_id, login_name, password, username, mobile, email, gen_time, login_time, last_login_time, count
2019-03-03 21:25:29.876 [http-nio-8080-exec-9] TRACE com.newtouch.glzdept.dao.UserDao.userLogin - <==        Row: 1, null, admin, admin, 张三, null, null, null, null, null, null
2019-03-03 21:25:29.878 [http-nio-8080-exec-9] DEBUG com.newtouch.glzdept.dao.UserDao.userLogin - <==      Total: 1
2019-03-03 21:32:21.519 [main] INFO  com.newtouch.glzdept.GlzDeptApplication - Starting GlzDeptApplication on DESKTOP-7CMJ8VP with PID 5312 (D:\github\glz\glz-dept\target\classes started by yfbb in D:\github\glz\glz-dept)
2019-03-03 21:32:21.526 [main] DEBUG com.newtouch.glzdept.GlzDeptApplication - Running with Spring Boot v2.1.3.RELEASE, Spring v5.1.5.RELEASE
2019-03-03 21:32:21.527 [main] INFO  com.newtouch.glzdept.GlzDeptApplication - The following profiles are active: dev
2019-03-03 21:32:25.996 [main] INFO  com.newtouch.glzdept.GlzDeptApplication - Started GlzDeptApplication in 6.155 seconds (JVM running for 7.726)
2019-03-03 21:32:37.598 [http-nio-8080-exec-2] DEBUG com.newtouch.glzdept.dao.UserDao.userLogin - ==>  Preparing: SELECT * FROM TUser t where 1=1 AND t.login_name = ? AND t.password = ? 
2019-03-03 21:32:37.635 [http-nio-8080-exec-2] DEBUG com.newtouch.glzdept.dao.UserDao.userLogin - ==> Parameters: loingName=admin&password=admin(String), loingName=admin&password=admin(String)
2019-03-03 21:32:37.668 [http-nio-8080-exec-2] DEBUG com.newtouch.glzdept.dao.UserDao.userLogin - <==      Total: 0
2019-03-03 21:35:51.587 [http-nio-8080-exec-3] DEBUG com.newtouch.glzdept.dao.UserDao.userLogin - ==>  Preparing: SELECT * FROM TUser t where 1=1 AND t.login_name = ? AND t.password = ? 
2019-03-03 21:35:51.590 [http-nio-8080-exec-3] DEBUG com.newtouch.glzdept.dao.UserDao.userLogin - ==> Parameters: loingName=admin&password=admin(String), loingName=admin&password=admin(String)
2019-03-03 21:35:51.594 [http-nio-8080-exec-3] DEBUG com.newtouch.glzdept.dao.UserDao.userLogin - <==      Total: 0
2019-03-03 21:39:06.988 [main] INFO  com.newtouch.glzdept.GlzDeptApplication - Starting GlzDeptApplication on DESKTOP-7CMJ8VP with PID 9012 (D:\github\glz\glz-dept\target\classes started by yfbb in D:\github\glz\glz-dept)
2019-03-03 21:39:06.994 [main] DEBUG com.newtouch.glzdept.GlzDeptApplication - Running with Spring Boot v2.1.3.RELEASE, Spring v5.1.5.RELEASE
2019-03-03 21:39:06.995 [main] INFO  com.newtouch.glzdept.GlzDeptApplication - The following profiles are active: dev
2019-03-03 21:39:12.335 [main] INFO  com.newtouch.glzdept.GlzDeptApplication - Started GlzDeptApplication in 6.516 seconds (JVM running for 8.119)
2019-03-03 21:40:52.162 [main] INFO  com.newtouch.glzdept.GlzDeptApplication - Starting GlzDeptApplication on DESKTOP-7CMJ8VP with PID 10712 (D:\github\glz\glz-dept\target\classes started by yfbb in D:\github\glz\glz-dept)
2019-03-03 21:40:52.169 [main] DEBUG com.newtouch.glzdept.GlzDeptApplication - Running with Spring Boot v2.1.3.RELEASE, Spring v5.1.5.RELEASE
2019-03-03 21:40:52.169 [main] INFO  com.newtouch.glzdept.GlzDeptApplication - The following profiles are active: dev
2019-03-03 21:40:57.710 [main] INFO  com.newtouch.glzdept.GlzDeptApplication - Started GlzDeptApplication in 6.652 seconds (JVM running for 8.65)
2019-03-03 22:03:07.008 [main] INFO  com.newtouch.glzdept.GlzDeptApplication - Starting GlzDeptApplication on DESKTOP-7CMJ8VP with PID 15348 (D:\github\glz\glz-dept\target\classes started by yfbb in D:\github\glz\glz-dept)
2019-03-03 22:03:07.015 [main] DEBUG com.newtouch.glzdept.GlzDeptApplication - Running with Spring Boot v2.1.3.RELEASE, Spring v5.1.5.RELEASE
2019-03-03 22:03:07.015 [main] INFO  com.newtouch.glzdept.GlzDeptApplication - The following profiles are active: dev
2019-03-03 22:03:12.802 [main] INFO  com.newtouch.glzdept.GlzDeptApplication - Started GlzDeptApplication in 7.2 seconds (JVM running for 9.411)
2019-03-03 22:06:10.464 [main] INFO  com.newtouch.glzdept.GlzDeptApplication - Starting GlzDeptApplication on DESKTOP-7CMJ8VP with PID 8504 (D:\github\glz\glz-dept\target\classes started by yfbb in D:\github\glz\glz-dept)
2019-03-03 22:06:10.549 [main] DEBUG com.newtouch.glzdept.GlzDeptApplication - Running with Spring Boot v2.1.3.RELEASE, Spring v5.1.5.RELEASE
2019-03-03 22:06:10.549 [main] INFO  com.newtouch.glzdept.GlzDeptApplication - The following profiles are active: dev
2019-03-03 22:06:16.406 [main] INFO  com.newtouch.glzdept.GlzDeptApplication - Started GlzDeptApplication in 7.208 seconds (JVM running for 8.849)
2019-03-03 22:09:17.639 [main] INFO  com.newtouch.glzdept.GlzDeptApplication - Starting GlzDeptApplication on DESKTOP-7CMJ8VP with PID 7496 (D:\github\glz\glz-dept\target\classes started by yfbb in D:\github\glz\glz-dept)
2019-03-03 22:09:17.646 [main] DEBUG com.newtouch.glzdept.GlzDeptApplication - Running with Spring Boot v2.1.3.RELEASE, Spring v5.1.5.RELEASE
2019-03-03 22:09:17.646 [main] INFO  com.newtouch.glzdept.GlzDeptApplication - The following profiles are active: dev
2019-03-03 22:09:23.581 [main] INFO  com.newtouch.glzdept.GlzDeptApplication - Started GlzDeptApplication in 7.135 seconds (JVM running for 8.777)
